
> mint@1.0.0 dev
> vite --host 0.0.0.0 --force --port 5173

[2m7:31:25 pm[22m [36m[1m[vite][22m[39m [90m[2m(client)[22m[39m Forced re-optimization of dependencies

  [32m[1mVITE[22m v8.0.12[39m  [2mready in [0m[1m775[22m[2m[0m ms[22m

  [32m➜[39m  [1mLocal[22m:   [36mhttp://localhost:[1m5173[22m/[39m
  [32m➜[39m  [1mNetwork[22m: [36mhttp://192.168.31.151:[1m5173[22m/[39m
[2m[32m  ➜[39m[22m[2m  press [22m[1mh + enter[22m[2m to show help[22m
[2m7:34:05 pm[22m [36m[1m[vite][22m[39m [90m[2m(client)[22m[39m [32mhmr update [39m[2m/src/components/Hero.jsx, /src/index.css[22m
[2m7:34:05 pm[22m [36m[1m[vite][22m[39m [90m[2m(client)[22m[39m [32mhmr update [39m[2m/src/components/LogoStrip.jsx, /src/index.css[22m
[2m7:34:05 pm[22m [36m[1m[vite][22m[39m [90m[2m(client)[22m[39m [32mhmr update [39m[2m/src/components/Intelligence.jsx, /src/index.css[22m
[2m7:34:05 pm[22m [36m[1m[vite][22m[39m [90m[2m(client)[22m[39m [32mhmr update [39m[2m/src/index.css, /src/components/shared/ButtonLink.jsx[22m
[2m7:34:05 pm[22m [36m[1m[vite][22m[39m [90m[2m(client)[22m[39m [32mhmr update [39m[2m/src/components/Enterprise.jsx, /src/index.css[22m
[2m7:34:05 pm[22m [36m[1m[vite][22m[39m [90m[2m(client)[22m[39m [32mhmr update [39m[2m/src/components/Customers.jsx, /src/index.css[22m
[2m7:34:05 pm[22m [36m[1m[vite][22m[39m [90m[2m(client)[22m[39m [32mhmr update [39m[2m/src/components/CTA.jsx, /src/index.css[22m
[2m7:34:05 pm[22m [36m[1m[vite][22m[39m [90m[2m(client)[22m[39m [32mhmr update [39m[2m/src/components/Footer.jsx, /src/index.css[22m
[2m7:34:05 pm[22m [36m[1m[vite][22m[39m [90m[2m(client)[22m[39m [32mhmr update [39m[2m/src/index.css[22m
[2m7:54:18 pm[22m [36m[1m[vite][22m[39m [90m[2m(client)[22m[39m [32mhmr update [39m[2m/src/components/Navbar.jsx, /src/index.css[22m
[2m7:54:33 pm[22m [36m[1m[vite][22m[39m [90m[2m(client)[22m[39m [32mhmr update [39m[2m/src/components/Hero.jsx, /src/index.css[22m
[2m7:54:41 pm[22m [36m[1m[vite][22m[39m [90m[2m(client)[22m[39m [32mhmr update [39m[2m/src/components/LogoStrip.jsx, /src/index.css[22m
[2m7:54:52 pm[22m [36m[1m[vite][22m[39m [90m[2m(client)[22m[39m [32mhmr update [39m[2m/src/components/Intelligence.jsx, /src/index.css[22m
[2m7:55:09 pm[22m [36m[1m[vite][22m[39m [90m[2m(client)[22m[39m [32mhmr update [39m[2m/src/components/Enterprise.jsx, /src/index.css[22m
[2m7:55:16 pm[22m [36m[1m[vite][22m[39m [90m[2m(client)[22m[39m [32mhmr update [39m[2m/src/components/Customers.jsx, /src/index.css[22m
[2m7:55:23 pm[22m [36m[1m[vite][22m[39m [90m[2m(client)[22m[39m [32mhmr update [39m[2m/src/components/CTA.jsx, /src/index.css[22m
[2m7:55:46 pm[22m [36m[1m[vite][22m[39m [90m[2m(client)[22m[39m [32mhmr update [39m[2m/src/index.css[22m
[2m7:56:20 pm[22m [36m[1m[vite][22m[39m [90m[2m(client)[22m[39m [32mhmr update [39m[2m/src/components/Hero.jsx, /src/index.css[22m
[2m7:56:20 pm[22m [36m[1m[vite][22m[39m [90m[2m(client)[22m[39m [32mhmr update [39m[2m/src/components/LogoStrip.jsx, /src/index.css[22m
[2m7:56:20 pm[22m [36m[1m[vite][22m[39m [90m[2m(client)[22m[39m [32mhmr update [39m[2m/src/components/Navbar.jsx, /src/index.css[22m
[2m7:56:20 pm[22m [36m[1m[vite][22m[39m [90m[2m(client)[22m[39m [32mhmr update [39m[2m/src/components/Enterprise.jsx, /src/index.css[22m
[2m7:56:20 pm[22m [36m[1m[vite][22m[39m [90m[2m(client)[22m[39m [32mhmr update [39m[2m/src/components/Intelligence.jsx, /src/index.css[22m
[2m7:56:20 pm[22m [36m[1m[vite][22m[39m [90m[2m(client)[22m[39m [32mhmr update [39m[2m/src/components/Customers.jsx, /src/index.css[22m
[2m7:56:20 pm[22m [36m[1m[vite][22m[39m [90m[2m(client)[22m[39m [32mhmr update [39m[2m/src/index.css[22m
[2m7:56:20 pm[22m [36m[1m[vite][22m[39m [90m[2m(client)[22m[39m [32mhmr update [39m[2m/src/components/CTA.jsx, /src/index.css[22m
[2m7:56:54 pm[22m [36m[1m[vite][22m[39m [90m[2m(client)[22m[39m [32mhmr update [39m[2m/src/components/Footer.jsx, /src/index.css[22m
[2m7:57:39 pm[22m [36m[1m[vite][22m[39m [90m[2m(client)[22m[39m [32mhmr update [39m[2m/src/index.css[22m
[2m7:57:48 pm[22m [36m[1m[vite][22m[39m [90m[2m(client)[22m[39m [32mhmr update [39m[2m/src/index.css[22m
[2m7:58:51 pm[22m [36m[1m[vite][22m[39m [90m[2m(client)[22m[39m [32mhmr update [39m[2m/src/components/Footer.jsx, /src/index.css[22m
[2m7:59:01 pm[22m [36m[1m[vite][22m[39m [90m[2m(client)[22m[39m [32mhmr update [39m[2m/src/components/Navbar.jsx, /src/index.css[22m
[2m7:59:09 pm[22m [36m[1m[vite][22m[39m [90m[2m(client)[22m[39m [32mhmr update [39m[2m/src/index.css[22m
[2m7:59:36 pm[22m [36m[1m[vite][22m[39m [90m[2m(client)[22m[39m [32mhmr update [39m[2m/src/components/Footer.jsx, /src/index.css[22m
[2m7:59:36 pm[22m [36m[1m[vite][22m[39m [90m[2m(client)[22m[39m [32mhmr update [39m[2m/src/index.css, /src/components/shared/ThemeSwitch.jsx[22m
[2m7:59:36 pm[22m [36m[1m[vite][22m[39m [90m[2m(client)[22m[39m [32mhmr update [39m[2m/src/index.css[22m
[2m7:59:36 pm[22m [36m[1m[vite][22m[39m [90m[2m(client)[22m[39m [32mhmr update [39m[2m/src/components/Navbar.jsx, /src/index.css[22m
[2m8:01:05 pm[22m [36m[1m[vite][22m[39m [90m[2m(client)[22m[39m [32mhmr update [39m[2m/src/components/CTA.jsx, /src/index.css[22m
[2m8:01:22 pm[22m [36m[1m[vite][22m[39m [90m[2m(client)[22m[39m [32mhmr update [39m[2m/src/components/CTA.jsx, /src/index.css[22m
[2m8:03:22 pm[22m [36m[1m[vite][22m[39m [90m[2m(client)[22m[39m [32mhmr update [39m[2m/src/components/Hero.jsx, /src/index.css[22m
[2m8:03:43 pm[22m [36m[1m[vite][22m[39m [90m[2m(client)[22m[39m [32mhmr update [39m[2m/src/components/Hero.jsx, /src/index.css[22m
[2m8:35:48 pm[22m [36m[1m[vite][22m[39m [90m[2m(client)[22m[39m [32mhmr update [39m[2m/src/components/Hero.jsx, /src/index.css[22m
[2m8:35:48 pm[22m [31m[1m[vite][22m[39m [31m[2m(client)[22m[39m [2m[console.error] [22mIn HTML, <form> cannot be a descendant of <form>.
This will cause a hydration error.

  <App>
    <Navbar>
    <main>
      <Hero>
        <section className="relative m...">
          <div>
          <div>
          <motion.div className="relative z..." initial={{opacity:0,y:8}} animate={{opacity:1,y:0}} ...>
            <div className="relative z..." style={{opacity:0, ...}} ref={function}>
              <a>
              <h1>
              <p>
>             <form
>               className="mt-8 flex w-full max-w-[420px] flex-col items-stretch gap-2 rounded-2xl border border-white..."
>             >
>               <form
>                 className="mt-8 p-1 max-w-[22.5rem] w-full rounded-full border border-border-soft backdrop-blur-[12p..."
>               >
          ...
      ...
    ...

[2m8:36:08 pm[22m [36m[1m[vite][22m[39m [90m[2m(client)[22m[39m [32mhmr update [39m[2m/src/components/Hero.jsx, /src/index.css[22m
[2m8:36:08 pm[22m [31m[1m[vite][22m[39m [31mInternal server error: Transform failed with 4 errors:

[31m[PARSE_ERROR] Error:[0m Expected corresponding JSX closing tag for 'div'.
    [38;5;246m╭[0m[38;5;246m─[0m[38;5;246m[[0m src/components/Hero.jsx:47:13 [38;5;246m][0m
    [38;5;246m│[0m
 [38;5;246m30 │[0m [38;5;249m [0m[38;5;249m [0m[38;5;249m [0m[38;5;249m [0m[38;5;249m [0m[38;5;249m [0m[38;5;249m [0m[38;5;249m [0m[38;5;249m<[0mdiv[38;5;249m>[0m
 [38;5;240m   │[0m          ─┬─  
 [38;5;240m   │[0m           ╰─── Opened here
 [38;5;240m   │[0m 
 [38;5;246m47 │[0m [38;5;249m [0m[38;5;249m [0m[38;5;249m [0m[38;5;249m [0m[38;5;249m [0m[38;5;249m [0m[38;5;249m [0m[38;5;249m [0m[38;5;249m [0m[38;5;249m [0m[38;5;249m<[0m[38;5;249m/[0mform[38;5;249m>[0m
 [38;5;240m   │[0m             ──┬─  
 [38;5;240m   │[0m               ╰─── Expected `</div>`
[38;5;246m────╯[0m

[31m[PARSE_ERROR] Error:[0m Expected corresponding JSX closing tag for 'motion.div'.
    [38;5;246m╭[0m[38;5;246m─[0m[38;5;246m[[0m src/components/Hero.jsx:48:11 [38;5;246m][0m
    [38;5;246m│[0m
 [38;5;246m13 │[0m [38;5;249m [0m[38;5;249m [0m[38;5;249m [0m[38;5;249m [0m[38;5;249m [0m[38;5;249m [0m[38;5;249m<[0mmotion.div
 [38;5;240m   │[0m        ─────┬────  
 [38;5;240m   │[0m             ╰────── Opened here
 [38;5;240m   │[0m 
 [38;5;246m48 │[0m [38;5;249m [0m[38;5;249m [0m[38;5;249m [0m[38;5;249m [0m[38;5;249m [0m[38;5;249m [0m[38;5;249m [0m[38;5;249m [0m[38;5;249m<[0m[38;5;249m/[0mdiv[38;5;249m>[0m
 [38;5;240m   │[0m           ─┬─  
 [38;5;240m   │[0m            ╰─── Expected `</motion.div>`
[38;5;246m────╯[0m

[31m[PARSE_ERROR] Error:[0m Expected corresponding JSX closing tag for 'section'.
    [38;5;246m╭[0m[38;5;246m─[0m[38;5;246m[[0m src/components/Hero.jsx:49:9 [38;5;246m][0m
    [38;5;246m│[0m
 [38;5;246m 7 │[0m [38;5;249m [0m[38;5;249m [0m[38;5;249m [0m[38;5;249m [0m[38;5;249m<[0msection[38;5;249m [0m[38;5;249mc[0m[38;5;249ml[0m[38;5;249ma[0m[38;5;249ms[0m[38;5;249ms[0m[38;5;249mN[0m[38;5;249ma[0m[38;5;249mm[0m[38;5;249me[0m[38;5;249m=[0m[38;5;249m"[0m[38;5;249mr[0m[38;5;249me[0m[38;5;249ml[0m[38;5;249ma[0m[38;5;249mt[0m[38;5;249mi[0m[38;5;249mv[0m[38;5;249me[0m[38;5;249m [0m[38;5;249mm[0m[38;5;249mi[0m[38;5;249mn[0m[38;5;249m-[0m[38;5;249mh[0m[38;5;249m-[0m[38;5;249m[[0m[38;5;249m7[0m[38;5;249m0[0m[38;5;249m0[0m[38;5;249mp[0m[38;5;249mx[0m[38;5;249m][0m[38;5;249m [0m[38;5;249mo[0m[38;5;249mv[0m[38;5;249me[0m[38;5;249mr[0m[38;5;249mf[0m[38;5;249ml[0m[38;5;249mo[0m[38;5;249mw[0m[38;5;249m-[0m[38;5;249mh[0m[38;5;249mi[0m[38;5;249md[0m[38;5;249md[0m[38;5;249me[0m[38;5;249mn[0m[38;5;249m [0m[38;5;249mp[0m[38;5;249mt[0m[38;5;249m-[0m[38;5;249m[[0m[38;5;249m8[0m[38;5;249m2[0m[38;5;249mp[0m[38;5;249mx[0m[38;5;249m][0m[38;5;249m [0m[38;5;249mt[0m[38;5;249me[0m[38;5;249mx[0m[38;5;249mt[0m[38;5;249m-[0m[38;5;249mw[0m[38;5;249mh[0m[38;5;249mi[0m[38;5;249mt[0m[38;5;249me[0m[38;5;249m [0m[38;5;249ms[0m[38;5;249mm[0m[38;5;249m:[0m[38;5;249mm[0m[38;5;249mi[0m[38;5;249mn[0m[38;5;249m-[0m[38;5;249mh[0m[38;5;249m-[0m[38;5;249m[[0m[38;5;249m8[0m[38;5;249m6[0m[38;5;249m0[0m[38;5;249mp[0m[38;5;249mx[0m[38;5;249m][0m[38;5;249m [0m[38;5;249ms[0m[38;5;249mm[0m[38;5;249m:[0m[38;5;249mp[0m[38;5;249mt[0m[38;5;249m-[0m[38;5;249m[[0m[38;5;249m9[0m[38;5;249m0[0m[38;5;249mp[0m[38;5;249mx[0m[38;5;249m][0m[38;5;249m [0m[38;5;249mm[0m[38;5;249md[0m[38;5;249m:[0m[38;5;249mm[0m[38;5;249mi[0m[38;5;249mn[0m[38;5;249m-[0m[38;5;249mh[0m[38;5;249m-[0m[38;5;249m[[0m[38;5;249m1[0m[38;5;249m1[0m[38;5;249m2[0m[38;5;249m0[0m[38;5;249mp[0m[38;5;249mx[0m[38;5;249m][0m[38;5;249m [0m[38;5;249mm[0m[38;5;249md[0m[38;5;249m:[0m[38;5;249mp[0m[38;5;249mt[0m[38;5;249m-[0m[38;5;249m[[0m[38;5;249m9[0m[38;5;249m6[0m[38;5;249mp[0m[38;5;249mx[0m[38;5;249m][0m[38;5;249m"[0m[38;5;249m>[0m
 [38;5;240m   │[0m      ───┬───  
 [38;5;240m   │[0m         ╰───── Opened here
 [38;5;240m   │[0m 
 [38;5;246m49 │[0m [38;5;249m [0m[38;5;249m [0m[38;5;249m [0m[38;5;249m [0m[38;5;249m [0m[38;5;249m [0m[38;5;249m<[0m[38;5;249m/[0mmotion.div[38;5;249m>[0m
 [38;5;240m   │[0m         ─────┬────  
 [38;5;240m   │[0m              ╰────── Expected `</section>`
[38;5;246m────╯[0m

[31m[PARSE_ERROR] Error:[0m Expected `,` or `)` but found `Identifier`
    [38;5;246m╭[0m[38;5;246m─[0m[38;5;246m[[0m src/components/Hero.jsx:50:12 [38;5;246m][0m
    [38;5;246m│[0m
 [38;5;246m 6 │[0m [38;5;249m [0m[38;5;249m [0m[38;5;249mr[0m[38;5;249me[0m[38;5;249mt[0m[38;5;249mu[0m[38;5;249mr[0m[38;5;249mn[0m[38;5;249m [0m(
 [38;5;240m   │[0m          ┬  
 [38;5;240m   │[0m          ╰── Opened here
 [38;5;240m   │[0m 
 [38;5;246m50 │[0m [38;5;249m [0m[38;5;249m [0m[38;5;249m [0m[38;5;249m [0m[38;5;249m [0m[38;5;249m [0m[38;5;249m<[0m[38;5;249md[0m[38;5;249mi[0m[38;5;249mv[0m[38;5;249m [0mclassName[38;5;249m=[0m[38;5;249m"[0m[38;5;249mh[0m[38;5;249me[0m[38;5;249mr[0m[38;5;249mo[0m[38;5;249m-[0m[38;5;249ms[0m[38;5;249mh[0m[38;5;249mo[0m[38;5;249mt[0m[38;5;249m [0m[38;5;249mr[0m[38;5;249me[0m[38;5;249ml[0m[38;5;249ma[0m[38;5;249mt[0m[38;5;249mi[0m[38;5;249mv[0m[38;5;249me[0m[38;5;249m [0m[38;5;249mz[0m[38;5;249m-[0m[38;5;249m1[0m[38;5;249m0[0m[38;5;249m [0m[38;5;249mm[0m[38;5;249mx[0m[38;5;249m-[0m[38;5;249ma[0m[38;5;249mu[0m[38;5;249mt[0m[38;5;249mo[0m[38;5;249m [0m[38;5;249mm[0m[38;5;249mt[0m[38;5;249m-[0m[38;5;249m1[0m[38;5;249m4[0m[38;5;249m [0m[38;5;249ma[0m[38;5;249ms[0m[38;5;249mp[0m[38;5;249me[0m[38;5;249mc[0m[38;5;249mt[0m[38;5;249m-[0m[38;5;249m[[0m[38;5;249m1[0m[38;5;249m0[0m[38;5;249m8[0m[38;5;249m0[0m[38;5;249m/[0m[38;5;249m6[0m[38;5;249m5[0m[38;5;249m7[0m[38;5;249m][0m[38;5;249m [0m[38;5;249mw[0m[38;5;249m-[0m[38;5;249m[[0m[38;5;249mm[0m[38;5;249mi[0m[38;5;249mn[0m[38;5;249m([0m[38;5;249m1[0m[38;5;249m0[0m[38;5;249m8[0m[38;5;249m0[0m[38;5;249mp[0m[38;5;249mx[0m[38;5;249m,[0m[38;5;249mc[0m[38;5;249ma[0m[38;5;249ml[0m[38;5;249mc[0m[38;5;249m([0m[38;5;249m1[0m[38;5;249m0[0m[38;5;249m0[0m[38;5;249mv[0m[38;5;249mw[0m[38;5;249m-[0m[38;5;249m2[0m[38;5;249m0[0m[38;5;249mp[0m[38;5;249mx[0m[38;5;249m)[0m[38;5;249m)[0m[38;5;249m][0m[38;5;249m [0m[38;5;249mm[0m[38;5;249ma[0m[38;5;249mx[0m[38;5;249m-[0m[38;5;249mw[0m[38;5;249m-[0m[38;5;249m[[0m[38;5;249m1[0m[38;5;249m0[0m[38;5;249m8[0m[38;5;249m0[0m[38;5;249mp[0m[38;5;249mx[0m[38;5;249m][0m[38;5;249m [0m[38;5;249ms[0m[38;5;249mm[0m[38;5;249m:[0m[38;5;249mm[0m[38;5;249mt[0m[38;5;249m-[0m[38;5;249m2[0m[38;5;249m0[0m[38;5;249m [0m[38;5;249ms[0m[38;5;249mm[0m[38;5;249m:[0m[38;5;249mw[0m[38;5;249m-[0m[38;5;249m[[0m[38;5;249mm[0m[38;5;249mi[0m[38;5;249mn[0m[38;5;249m([0m[38;5;249m1[0m[38;5;249m0[0m[38;5;249m8[0m[38;5;249m0[0m[38;5;249mp[0m[38;5;249mx[0m[38;5;249m,[0m[38;5;249mc[0m[38;5;249ma[0m[38;5;249ml[0m[38;5;249mc[0m[38;5;249m([0m[38;5;249m1[0m[38;5;249m0[0m[38;5;249m0[0m[38;5;249mv[0m[38;5;249mw[0m[38;5;249m-[0m[38;5;249m6[0m[38;5;249m4[0m[38;5;249mp[0m[38;5;249mx[0m[38;5;249m)[0m[38;5;249m)[0m[38;5;249m][0m[38;5;249m [0m[38;5;249mm[0m[38;5;249md[0m[38;5;249m:[0m[38;5;249mm[0m[38;5;249mt[0m[38;5;249m-[0m[38;5;249m[[0m[38;5;249m9[0m[38;5;249m8[0m[38;5;249mp[0m[38;5;249mx[0m[38;5;249m][0m[38;5;249m [0m[38;5;249ml[0m[38;5;249mg[0m[38;5;249m:[0m[38;5;249mw[0m[38;5;249m-[0m[38;5;249m[[0m[38;5;249mm[0m[38;5;249mi[0m[38;5;249mn[0m[38;5;249m([0m[38;5;249m1[0m[38;5;249m0[0m[38;5;249m8[0m[38;5;249m0[0m[38;5;249mp[0m[38;5;249mx[0m[38;5;249m,[0m[38;5;249mc[0m[38;5;249ma[0m[38;5;249ml[0m[38;5;249mc[0m[38;5;249m([0m[38;5;249m1[0m[38;5;249m0[0m[38;5;249m0[0m[38;5;249mv[0m[38;5;249mw[0m[38;5;249m-[0m[38;5;249m2[0m[38;5;249m2[0m[38;5;249m0[0m[38;5;249mp[0m[38;5;249mx[0m[38;5;249m)[0m[38;5;249m)[0m[38;5;249m][0m[38;5;249m"[0m[38;5;249m>[0m
 [38;5;240m   │[0m            ────┬────  
 [38;5;240m   │[0m                ╰────── `,` or `)` expected
[38;5;246m────╯[0m
[39m
  Plugin: [35mvite:oxc[39m
  File: [36mC:/Users/Deep Saha/Desktop/mint/src/components/Hero.jsx[39m
      at transformWithOxc (file:///C:/Users/Deep%20Saha/Desktop/mint/node_modules/vite/dist/node/chunks/node.js:3340:19)
      at TransformPluginContext.transform (file:///C:/Users/Deep%20Saha/Desktop/mint/node_modules/vite/dist/node/chunks/node.js:3408:26)
      at EnvironmentPluginContainer.transform (file:///C:/Users/Deep%20Saha/Desktop/mint/node_modules/vite/dist/node/chunks/node.js:30193:51)
      at async loadAndTransform (file:///C:/Users/Deep%20Saha/Desktop/mint/node_modules/vite/dist/node/chunks/node.js:24511:26)
      at async viteTransformMiddleware (file:///C:/Users/Deep%20Saha/Desktop/mint/node_modules/vite/dist/node/chunks/node.js:24305:20)
[2m8:36:08 pm[22m [31m[1m[vite][22m[39m [31m[2m(client)[22m[39m [2m[console.error] [22m[vite] Failed to reload /src/components/Hero.jsx. This could be due to syntax errors or importing non-existent modules. (see errors above)
[2m8:36:21 pm[22m [36m[1m[vite][22m[39m [90m[2m(client)[22m[39m [32mhmr update [39m[2m/src/components/Hero.jsx, /src/index.css[22m
